2025-11-10 15:11:40 - File copied from A:\Инженерно-техническая поддержка сопровождения ИС\Договор.pdf to C:\Users\Terra\RiderProjects\CafeProject\CafeApp\images/EmployeePhoto\Договор.pdf
2025-11-10 15:14:35 - File copied from C:\Users\Terra\Downloads\ЛПР 1 ИСиТ.pdf to C:\Users\Terra\RiderProjects\CafeProject\CafeApp\images/EmployeePhoto\ЛПР 1 ИСиТ.pdf
2025-11-10 15:14:41 - File copied from C:\Users\Terra\Downloads\Никонова-Н.pdf to C:\Users\Terra\RiderProjects\CafeProject\CafeApp\images/EmploymentContract\Никонова-Н.pdf
2025-11-10 15:15:03 - File copied from C:\Users\Terra\Downloads\Реквизиты-ООО-Сибкод.pdf to C:\Users\Terra\RiderProjects\CafeProject\CafeApp\images/EmployeePhoto\Реквизиты-ООО-Сибкод.pdf
2025-11-10 15:15:41 - File copied from A:\Инженерно-техническая поддержка сопровождения ИС\пример (1).pdf to C:\Users\Terra\RiderProjects\CafeProject\CafeApp\images/EmployeePhoto\пример (1).pdf
2025-11-10 15:24:00 - File copied from C:\Users\Terra\Downloads\certificate.pdf to C:\Users\Terra\RiderProjects\CafeProject\CafeApp\images/EmployeePhoto\certificate.pdf
2025-11-10 15:32:29 - File copied from C:\Users\Terra\Downloads\ЛПР 1 ИСиТ.pdf to C:\Users\Terra\RiderProjects\CafeProject\CafeApp\images/EmployeePhoto\ЛПР 1 ИСиТ.pdf
2025-11-10 15:32:34 - File copied from C:\Users\Terra\Downloads\certificate.pdf to C:\Users\Terra\RiderProjects\CafeProject\CafeApp\images/EmploymentContract\certificate.pdf
2025-11-10 15:39:54 - File copied from C:\Users\Terra\Downloads\ЛПР 1.1 ИСиТ.pdf to C:\Users\Terra\RiderProjects\CafeProject\CafeApp\images/EmployeePhoto\ЛПР 1.1 ИСиТ.pdf
2025-11-10 15:39:59 - File copied from C:\Users\Terra\Downloads\Реквизиты-ООО-Сибкод.pdf to C:\Users\Terra\RiderProjects\CafeProject\CafeApp\images/EmploymentContract\Реквизиты-ООО-Сибкод.pdf
2025-11-10 15:40:34 - File copied from C:\Users\Terra\Downloads\ПР-Восстановление данных (практичесая работа 5).pdf to C:\Users\Terra\RiderProjects\CafeProject\CafeApp\images/EmployeePhoto\ПР-Восстановление данных (практичесая работа 5).pdf
2025-11-10 15:41:23 - File copied from C:\Users\Terra\Downloads\certificate.pdf to C:\Users\Terra\RiderProjects\CafeProject\CafeApp\images/EmployeePhoto\certificate.pdf
2025-11-10 15:41:28 - File copied from C:\Users\Terra\Downloads\Реквизиты-ООО-Сибкод.pdf to C:\Users\Terra\RiderProjects\CafeProject\CafeApp\images/EmploymentContract\Реквизиты-ООО-Сибкод.pdf
2025-11-10 15:42:34 - File copied from C:\Users\Terra\Downloads\certificate.pdf to C:\Users\Terra\RiderProjects\CafeProject\CafeApp\images/EmployeePhoto\certificate.pdf
2025-11-10 15:42:39 - File copied from C:\Users\Terra\Downloads\Document.pdf to C:\Users\Terra\RiderProjects\CafeProject\CafeApp\images/EmploymentContract\Document.pdf
2025-11-10 15:45:24 - File copied from C:\Users\Terra\Downloads\certificate.pdf to C:\Users\Terra\RiderProjects\CafeProject\CafeApp\images/EmployeePhoto\certificate.pdf
2025-11-10 15:45:29 - File copied from C:\Users\Terra\Downloads\ПР-Восстановление данных (практичесая работа 5).pdf to C:\Users\Terra\RiderProjects\CafeProject\CafeApp\images/EmploymentContract\ПР-Восстановление данных (практичесая работа 5).pdf
2025-11-10 15:52:55 - File copied from C:\Users\Terra\Downloads\Document.pdf to C:\Users\Terra\RiderProjects\CafeProject\CafeApp\images/EmployeePhoto\Document.pdf
2025-11-10 15:52:59 - File copied from C:\Users\Terra\Downloads\certificate.pdf to C:\Users\Terra\RiderProjects\CafeProject\CafeApp\images/EmploymentContract\certificate.pdf
2025-11-10 15:55:59 - File copied from C:\Users\Terra\Downloads\certificate.pdf to C:\Users\Terra\RiderProjects\CafeProject\CafeApp\images/EmployeePhoto\certificate.pdf
2025-11-10 15:56:08 - File copied from C:\Users\Terra\Downloads\Реквизиты-ООО-Сибкод.pdf to C:\Users\Terra\RiderProjects\CafeProject\CafeApp\images/EmploymentContract\Реквизиты-ООО-Сибкод.pdf
2025-11-10 16:06:00 - File copied from A:\Инженерно-техническая поддержка сопровождения ИС\кросворд.pdf to C:\Users\Terra\RiderProjects\CafeProject\CafeApp\images/EmployeePhoto\кросворд.pdf
2025-11-10 16:06:07 - File copied from A:\Инженерно-техническая поддержка сопровождения ИС\ответы на вопросы 2.pdf to C:\Users\Terra\RiderProjects\CafeProject\CafeApp\images/EmploymentContract\ответы на вопросы 2.pdf
2025-11-19 13:38:23 - File copied from A:\Инженерно-техническая поддержка сопровождения ИС\Договор.pdf to C:\Users\Terra\RiderProjects\CafeProject\CafeApp\images/EmployeePhoto\Договор.pdf
2025-11-19 13:38:28 - File copied from A:\Инженерно-техническая поддержка сопровождения ИС\пример.pdf to C:\Users\Terra\RiderProjects\CafeProject\CafeApp\images/EmploymentContract\пример.pdf
2025-11-19 13:39:18 - File copied from A:\Инженерно-техническая поддержка сопровождения ИС\пример.pdf to C:\Users\Terra\RiderProjects\CafeProject\CafeApp\images/EmployeePhoto\пример.pdf
2025-11-19 13:39:23 - File copied from A:\Инженерно-техническая поддержка сопровождения ИС\кросворд.pdf to C:\Users\Terra\RiderProjects\CafeProject\CafeApp\images/EmploymentContract\кросворд.pdf
2025-11-19 13:41:24 - File copied from A:\Инженерно-техническая поддержка сопровождения ИС\Договор.pdf to C:\Users\Terra\RiderProjects\CafeProject\CafeApp\images/EmployeePhoto\Договор.pdf
2025-11-19 13:41:28 - File copied from A:\Инженерно-техническая поддержка сопровождения ИС\пример.pdf to C:\Users\Terra\RiderProjects\CafeProject\CafeApp\images/EmploymentContract\пример.pdf
